<?xml version="1.0" encoding="UTF-8"?>
<!-- Generated by org.testng.reporters.JUnitXMLReporter -->
<testsuite ignored="0" hostname="Santhosh-LP" failures="1" tests="15" name="Test" time="29.79" errors="0" timestamp="2022-03-18T14:28:35 IST">
  <testcase classname="Selenium.TestNG.TestNgFeatures" name="loginTest" time="0.008">
    <failure type="java.lang.ArithmeticException" message="/ by zero">
      <![CDATA[java.lang.ArithmeticException: / by zero
at Selenium.TestNG.TestNgFeatures.loginTest(TestNgFeatures.java:10)
at java.base/java.util.ArrayList.forEach(ArrayList.java:1511)
... Removed 27 stack frames]]>
    </failure>
  </testcase> <!-- loginTest -->
  <testcase classname="Selenium.TestNG.TestNgFeatures" name="homePageTest" time="0.0">
    <skipped/>
  </testcase> <!-- homePageTest -->
  <testcase classname="Selenium.TestNG.TestNgFeatures" name="searchPageTest" time="0.001"/>
  <testcase classname="Selenium.TestNG.TestNGBasics" name="googleTest" time="0.001"/>
  <testcase classname="Selenium.TestNG.GoogleTest" name="googleTitleTest" time="0.013"/>
  <testcase classname="Selenium.TestNG.GoogleTest" name="mailLink" time="0.086"/>
  <testcase classname="Selenium.TestNG.GoogleTest" name="logoTest" time="0.06"/>
  <testcase classname="Selenium.TestNG.GoogleTest" name="test1" time="0.006"/>
  <testcase classname="Selenium.TestNG.GoogleTest" name="test2" time="0.001"/>
  <testcase classname="Selenium.TestNG.GoogleTest" name="test3" time="0.002"/>
  <testcase classname="Selenium.TestNG.InvocationCountTest" name="sumOfNum" time="0.003"/>
  <testcase classname="Selenium.TestNG.InvocationCountTest" name="sumOfNum" time="0.0"/>
  <testcase classname="Selenium.TestNG.InvocationCountTest" name="sumOfNum" time="0.009"/>
  <testcase classname="Selenium.TestNG.InvocationCountTest" name="sumOfNum" time="0.013"/>
  <testcase classname="Selenium.TestNG.InvocationCountTest" name="sumOfNum" time="0.004"/>
</testsuite> <!-- Test -->
